  Graph.cpp
F:\GitHub\DSA_Assignment_Redo\DSA_Assignment_Redo\Globals.h(52,21): warning C4018: '<': signed/unsigned mismatch
F:\GitHub\DSA_Assignment_Redo\DSA_Assignment_Redo\Globals.h(98,21): warning C4018: '<': signed/unsigned mismatch
F:\GitHub\DSA_Assignment_Redo\DSA_Assignment_Redo\Globals.h(116,21): warning C4018: '<': signed/unsigned mismatch
F:\GitHub\DSA_Assignment_Redo\DSA_Assignment_Redo\Globals.h(127,21): warning C4018: '<': signed/unsigned mismatch
F:\GitHub\DSA_Assignment_Redo\DSA_Assignment_Redo\Graph.cpp(141,21): warning C4018: '<': signed/unsigned mismatch
F:\GitHub\DSA_Assignment_Redo\DSA_Assignment_Redo\Graph.cpp(157,20): warning C4018: '<': signed/unsigned mismatch
F:\GitHub\DSA_Assignment_Redo\DSA_Assignment_Redo\Graph.cpp(165,22): warning C4018: '<': signed/unsigned mismatch
F:\GitHub\DSA_Assignment_Redo\DSA_Assignment_Redo\Graph.cpp(180,20): warning C4018: '<': signed/unsigned mismatch
F:\GitHub\DSA_Assignment_Redo\DSA_Assignment_Redo\Graph.cpp(188,22): warning C4018: '<': signed/unsigned mismatch
F:\GitHub\DSA_Assignment_Redo\DSA_Assignment_Redo\Graph.cpp(193,12): warning C4018: '<': signed/unsigned mismatch
F:\GitHub\DSA_Assignment_Redo\DSA_Assignment_Redo\Graph.cpp(213,21): warning C4018: '<': signed/unsigned mismatch
F:\GitHub\DSA_Assignment_Redo\DSA_Assignment_Redo\Graph.cpp(222,23): warning C4018: '<': signed/unsigned mismatch
F:\GitHub\DSA_Assignment_Redo\DSA_Assignment_Redo\Graph.cpp(232,21): warning C4018: '<': signed/unsigned mismatch
F:\GitHub\DSA_Assignment_Redo\DSA_Assignment_Redo\Graph.cpp(244,30): warning C4018: '>': signed/unsigned mismatch
F:\GitHub\DSA_Assignment_Redo\DSA_Assignment_Redo\Graph.cpp(270,21): warning C4018: '<': signed/unsigned mismatch
F:\GitHub\DSA_Assignment_Redo\DSA_Assignment_Redo\Graph.cpp(328,23): warning C4018: '<': signed/unsigned mismatch
F:\GitHub\DSA_Assignment_Redo\DSA_Assignment_Redo\Graph.cpp(358,21): warning C4018: '<': signed/unsigned mismatch
F:\GitHub\DSA_Assignment_Redo\DSA_Assignment_Redo\Graph.cpp(366,23): warning C4018: '<': signed/unsigned mismatch
F:\GitHub\DSA_Assignment_Redo\DSA_Assignment_Redo\Graph.cpp(371,12): warning C4018: '<': signed/unsigned mismatch
F:\GitHub\DSA_Assignment_Redo\DSA_Assignment_Redo\Graph.cpp(415,25): warning C4018: '<': signed/unsigned mismatch
F:\GitHub\DSA_Assignment_Redo\DSA_Assignment_Redo\Graph.cpp(431,24): warning C4018: '<': signed/unsigned mismatch
F:\GitHub\DSA_Assignment_Redo\DSA_Assignment_Redo\Graph.cpp(448,28): warning C4018: '<': signed/unsigned mismatch
  DSA_Assignment_Redo.vcxproj -> F:\GitHub\DSA_Assignment_Redo\Debug\DSA_Assignment_Redo.exe
